<?xml version="1.0" encoding="UTF-8"?>
<testng-results ignored="0" total="1" passed="1" failed="0" skipped="0">
  <reporter-output>
  </reporter-output>
  <suite started-at="2021-07-02T04:28:27Z" name="Default suite" finished-at="2021-07-02T04:28:39Z" duration-ms="11891">
    <groups>
    </groups>
    <test started-at="2021-07-02T04:28:27Z" name="Default test" finished-at="2021-07-02T04:28:39Z" duration-ms="11891">
      <class name="TestSuite.Rediff_TestCase">
        <test-method signature="testing()[pri:0, instance:TestSuite.Rediff_TestCase@6c61a903]" started-at="2021-07-02T04:28:27Z" name="testing" finished-at="2021-07-02T04:28:39Z" duration-ms="11863" status="PASS">
          <reporter-output>
          </reporter-output>
        </test-method> <!-- testing -->
      </class> <!-- TestSuite.Rediff_TestCase -->
    </test> <!-- Default test -->
  </suite> <!-- Default suite -->
</testng-results>
